# JRE version: 7.0_25-b30
# Java VM: OpenJDK Client VM (23.7-b01 mixed mode, sharing linux-x86 )
Heap
 def new generation   total 4800K, used 1947K [0x6f400000, 0x6f930000, 0x79b50000)
  eden space 4288K,  33% used [0x6f400000, 0x6f566f10, 0x6f830000)
  from space 512K, 100% used [0x6f830000, 0x6f8b0000, 0x6f8b0000)
  to   space 512K,   0% used [0x6f8b0000, 0x6f8b0000, 0x6f930000)
 tenured generation   total 10752K, used 1327K [0x79b50000, 0x7a5d0000, 0x8ea00000)
   the space 10752K,  12% used [0x79b50000, 0x79c9bfd8, 0x79c9c000, 0x7a5d0000)
 compacting perm gen  total 12288K, used 1954K [0x8ea00000, 0x8f600000, 0x92a00000)
   the space 12288K,  15% used [0x8ea00000, 0x8ebe8ad0, 0x8ebe8c00, 0x8f600000)
    ro space 10240K,  60% used [0x92a00000, 0x9300c968, 0x9300ca00, 0x93400000)
    rw space 12288K,  61% used [0x93400000, 0x93b662d8, 0x93b66400, 0x94000000)
GC Heap History (4 events):
Event: 1,946 GC heap before
{Heap before GC invocations=0 (full 0):
 def new generation   total 4800K, used 4288K [0x6f400000, 0x6f930000, 0x79b50000)
  eden space 4288K, 100% used [0x6f400000, 0x6f830000, 0x6f830000)
  from space 512K,   0% used [0x6f830000, 0x6f830000, 0x6f8b0000)
  to   space 512K,   0% used [0x6f8b0000, 0x6f8b0000, 0x6f930000)
 tenured generation   total 10752K, used 0K [0x79b50000, 0x7a5d0000, 0x8ea00000)
   the space 10752K,   0% used [0x79b50000, 0x79b50000, 0x79b50200, 0x7a5d0000)
 compacting perm gen  total 12288K, used 832K [0x8ea00000, 0x8f600000, 0x92a00000)
   the space 12288K,   6% used [0x8ea00000, 0x8ead00e8, 0x8ead0200, 0x8f600000)
    ro space 10240K,  60% used [0x92a00000, 0x9300c968, 0x9300ca00, 0x93400000)
    rw space 12288K,  61% used [0x93400000, 0x93b662d8, 0x93b66400, 0x94000000)
Event: 1,968 GC heap after
Heap after GC invocations=1 (full 0):
 def new generation   total 4800K, used 512K [0x6f400000, 0x6f930000, 0x79b50000)
  eden space 4288K,   0% used [0x6f400000, 0x6f400000, 0x6f830000)
  from space 512K, 100% used [0x6f8b0000, 0x6f930000, 0x6f930000)
  to   space 512K,   0% used [0x6f830000, 0x6f830000, 0x6f8b0000)
 tenured generation   total 10752K, used 394K [0x79b50000, 0x7a5d0000, 0x8ea00000)
   the space 10752K,   3% used [0x79b50000, 0x79bb2848, 0x79bb2a00, 0x7a5d0000)
 compacting perm gen  total 12288K, used 832K [0x8ea00000, 0x8f600000, 0x92a00000)
   the space 12288K,   6% used [0x8ea00000, 0x8ead00e8, 0x8ead0200, 0x8f600000)
    ro space 10240K,  60% used [0x92a00000, 0x9300c968, 0x9300ca00, 0x93400000)
    rw space 12288K,  61% used [0x93400000, 0x93b662d8, 0x93b66400, 0x94000000)
}
Event: 4,517 GC heap before
{Heap before GC invocations=1 (full 0):
 def new generation   total 4800K, used 4800K [0x6f400000, 0x6f930000, 0x79b50000)
  eden space 4288K, 100% used [0x6f400000, 0x6f830000, 0x6f830000)
  from space 512K, 100% used [0x6f8b0000, 0x6f930000, 0x6f930000)
  to   space 512K,   0% used [0x6f830000, 0x6f830000, 0x6f8b0000)
 tenured generation   total 10752K, used 394K [0x79b50000, 0x7a5d0000, 0x8ea00000)
   the space 10752K,   3% used [0x79b50000, 0x79bb2848, 0x79bb2a00, 0x7a5d0000)
 compacting perm gen  total 12288K, used 1894K [0x8ea00000, 0x8f600000, 0x92a00000)
   the space 12288K,  15% used [0x8ea00000, 0x8ebd9a58, 0x8ebd9c00, 0x8f600000)
    ro space 10240K,  60% used [0x92a00000, 0x9300c968, 0x9300ca00, 0x93400000)
    rw space 12288K,  61% used [0x93400000, 0x93b662d8, 0x93b66400, 0x94000000)
Event: 4,569 GC heap after
Heap after GC invocations=2 (full 0):
 def new generation   total 4800K, used 512K [0x6f400000, 0x6f930000, 0x79b50000)
  eden space 4288K,   0% used [0x6f400000, 0x6f400000, 0x6f830000)
  from space 512K, 100% used [0x6f830000, 0x6f8b0000, 0x6f8b0000)
  to   space 512K,   0% used [0x6f8b0000, 0x6f8b0000, 0x6f930000)
 tenured generation   total 10752K, used 1327K [0x79b50000, 0x7a5d0000, 0x8ea00000)
   the space 10752K,  12% used [0x79b50000, 0x79c9bfd8, 0x79c9c000, 0x7a5d0000)
 compacting perm gen  total 12288K, used 1894K [0x8ea00000, 0x8f600000, 0x92a00000)
   the space 12288K,  15% used [0x8ea00000, 0x8ebd9a58, 0x8ebd9c00, 0x8f600000)
    ro space 10240K,  60% used [0x92a00000, 0x9300c968, 0x9300ca00, 0x93400000)
    rw space 12288K,  61% used [0x93400000, 0x93b662d8, 0x93b66400, 0x94000000)
}

