# JRE version: 7.0_25-b30
# Java VM: OpenJDK Client VM (23.7-b01 mixed mode, sharing linux-x86 )
Heap
 def new generation   total 4800K, used 3430K [0x6f400000, 0x6f930000, 0x79b50000)
  eden space 4288K,  68% used [0x6f400000, 0x6f6d9b58, 0x6f830000)
  from space 512K, 100% used [0x6f830000, 0x6f8b0000, 0x6f8b0000)
  to   space 512K,   0% used [0x6f8b0000, 0x6f8b0000, 0x6f930000)
 tenured generation   total 10752K, used 1325K [0x79b50000, 0x7a5d0000, 0x8ea00000)
   the space 10752K,  12% used [0x79b50000, 0x79c9b610, 0x79c9b800, 0x7a5d0000)
 compacting perm gen  total 12288K, used 1959K [0x8ea00000, 0x8f600000, 0x92a00000)
   the space 12288K,  15% used [0x8ea00000, 0x8ebe9ff0, 0x8ebea000, 0x8f600000)
    ro space 10240K,  60% used [0x92a00000, 0x9300c968, 0x9300ca00, 0x93400000)
    rw space 12288K,  61% used [0x93400000, 0x93b662d8, 0x93b66400, 0x94000000)
GC Heap History (4 events):
Event: 0,941 GC heap before
{Heap before GC invocations=0 (full 0):
 def new generation   total 4800K, used 4288K [0x6f400000, 0x6f930000, 0x79b50000)
  eden space 4288K, 100% used [0x6f400000, 0x6f830000, 0x6f830000)
  from space 512K,   0% used [0x6f830000, 0x6f830000, 0x6f8b0000)
  to   space 512K,   0% used [0x6f8b0000, 0x6f8b0000, 0x6f930000)
 tenured generation   total 10752K, used 0K [0x79b50000, 0x7a5d0000, 0x8ea00000)
   the space 10752K,   0% used [0x79b50000, 0x79b50000, 0x79b50200, 0x7a5d0000)
 compacting perm gen  total 12288K, used 832K [0x8ea00000, 0x8f600000, 0x92a00000)
   the space 12288K,   6% used [0x8ea00000, 0x8ead0120, 0x8ead0200, 0x8f600000)
    ro space 10240K,  60% used [0x92a00000, 0x9300c968, 0x9300ca00, 0x93400000)
    rw space 12288K,  61% used [0x93400000, 0x93b662d8, 0x93b66400, 0x94000000)
Event: 0,957 GC heap after
Heap after GC invocations=1 (full 0):
 def new generation   total 4800K, used 512K [0x6f400000, 0x6f930000, 0x79b50000)
  eden space 4288K,   0% used [0x6f400000, 0x6f400000, 0x6f830000)
  from space 512K, 100% used [0x6f8b0000, 0x6f930000, 0x6f930000)
  to   space 512K,   0% used [0x6f830000, 0x6f830000, 0x6f8b0000)
 tenured generation   total 10752K, used 394K [0x79b50000, 0x7a5d0000, 0x8ea00000)
   the space 10752K,   3% used [0x79b50000, 0x79bb2bf0, 0x79bb2c00, 0x7a5d0000)
 compacting perm gen  total 12288K, used 832K [0x8ea00000, 0x8f600000, 0x92a00000)
   the space 12288K,   6% used [0x8ea00000, 0x8ead0120, 0x8ead0200, 0x8f600000)
    ro space 10240K,  60% used [0x92a00000, 0x9300c968, 0x9300ca00, 0x93400000)
    rw space 12288K,  61% used [0x93400000, 0x93b662d8, 0x93b66400, 0x94000000)
}
Event: 2,269 GC heap before
{Heap before GC invocations=1 (full 0):
 def new generation   total 4800K, used 4800K [0x6f400000, 0x6f930000, 0x79b50000)
  eden space 4288K, 100% used [0x6f400000, 0x6f830000, 0x6f830000)
  from space 512K, 100% used [0x6f8b0000, 0x6f930000, 0x6f930000)
  to   space 512K,   0% used [0x6f830000, 0x6f830000, 0x6f8b0000)
 tenured generation   total 10752K, used 394K [0x79b50000, 0x7a5d0000, 0x8ea00000)
   the space 10752K,   3% used [0x79b50000, 0x79bb2bf0, 0x79bb2c00, 0x7a5d0000)
 compacting perm gen  total 12288K, used 1896K [0x8ea00000, 0x8f600000, 0x92a00000)
   the space 12288K,  15% used [0x8ea00000, 0x8ebda0e0, 0x8ebda200, 0x8f600000)
    ro space 10240K,  60% used [0x92a00000, 0x9300c968, 0x9300ca00, 0x93400000)
    rw space 12288K,  61% used [0x93400000, 0x93b662d8, 0x93b66400, 0x94000000)
Event: 2,293 GC heap after
Heap after GC invocations=2 (full 0):
 def new generation   total 4800K, used 512K [0x6f400000, 0x6f930000, 0x79b50000)
  eden space 4288K,   0% used [0x6f400000, 0x6f400000, 0x6f830000)
  from space 512K, 100% used [0x6f830000, 0x6f8b0000, 0x6f8b0000)
  to   space 512K,   0% used [0x6f8b0000, 0x6f8b0000, 0x6f930000)
 tenured generation   total 10752K, used 1325K [0x79b50000, 0x7a5d0000, 0x8ea00000)
   the space 10752K,  12% used [0x79b50000, 0x79c9b610, 0x79c9b800, 0x7a5d0000)
 compacting perm gen  total 12288K, used 1896K [0x8ea00000, 0x8f600000, 0x92a00000)
   the space 12288K,  15% used [0x8ea00000, 0x8ebda0e0, 0x8ebda200, 0x8f600000)
    ro space 10240K,  60% used [0x92a00000, 0x9300c968, 0x9300ca00, 0x93400000)
    rw space 12288K,  61% used [0x93400000, 0x93b662d8, 0x93b66400, 0x94000000)
}

